====================================================================================================
INCLINATION-STRATIFIED CHIRP-MASS MAE/R^2 -- scalar-control check
Bands: face-on |cos(iota)| > 0.9, edge-on |cos(iota)| < 0.5, mixed in between. Validation samples = 5000
Question: does the banding itself inject spurious MAE/R^2 variance into a head
we already know is well-learned and non-angular?
====================================================================================================

----------------------------------------------------------------------------------------------------
  MODEL: poc_a (baseline)
----------------------------------------------------------------------------------------------------
  Building model from runs/phic_psi_poc_a/20260720_210936 ...
  Predicting on 5000 samples ...

  mchirp:
  Band       |cos iota| range            N        MAE      R^2
  ---------- ---------------------- ------ ---------- --------
  face-on    [0.9, 1.0]               1442     0.9486   0.9639
  mixed      [0.5, 0.9]               1918     0.9946   0.9566
  edge-on    [0.0, 0.5)               1640     0.9603   0.9626
  ALL        -                        5000     0.9701   0.9607
  Band-to-band MAE spread: 0.0460   R^2 spread: 0.0073

----------------------------------------------------------------------------------------------------
  MODEL: poc_b (PoC)
----------------------------------------------------------------------------------------------------
  Building model from runs/phic_psi_poc_b/20260720_213202 ...
  Predicting on 5000 samples ...

  mchirp:
  Band       |cos iota| range            N        MAE      R^2
  ---------- ---------------------- ------ ---------- --------
  face-on    [0.9, 1.0]               1442     1.0007   0.9612
  mixed      [0.5, 0.9]               1918     1.0808   0.9525
  edge-on    [0.0, 0.5)               1640     1.0155   0.9605
  ALL        -                        5000     1.0363   0.9577
  Band-to-band MAE spread: 0.0801   R^2 spread: 0.0087

----------------------------------------------------------------------------------------------------
  MODEL: tcn
----------------------------------------------------------------------------------------------------
  Building model from runs/phic_psi_tcn/20260720_215403 ...
  Predicting on 5000 samples ...

  mchirp:
  Band       |cos iota| range            N        MAE      R^2
  ---------- ---------------------- ------ ---------- --------
  face-on    [0.9, 1.0]               1442     0.9577   0.9646
  mixed      [0.5, 0.9]               1918     1.0085   0.9549
  edge-on    [0.0, 0.5)               1640     0.9714   0.9616
  ALL        -                        5000     0.9817   0.9599
  Band-to-band MAE spread: 0.0508   R^2 spread: 0.0097

----------------------------------------------------------------------------------------------------
  MODEL: cnn_attention
----------------------------------------------------------------------------------------------------
  Building model from runs/phic_psi_cnn_attention/20260720_221625 ...
  Predicting on 5000 samples ...

  mchirp:
  Band       |cos iota| range            N        MAE      R^2
  ---------- ---------------------- ------ ---------- --------
  face-on    [0.9, 1.0]               1442     1.3451   0.9265
  mixed      [0.5, 0.9]               1918     1.3794   0.9219
  edge-on    [0.0, 0.5)               1640     1.3690   0.9272
  ALL        -                        5000     1.3661   0.9250
  Band-to-band MAE spread: 0.0343   R^2 spread: 0.0053


Markdown report: experiments/phic_psi_poc/inclination_output/inclination_control_stratification_20260723_140016.md
Done.
