====================================================================================================
INCLINATION-STRATIFIED ang_MAE — final epoch, all models, all periodic heads
Bands: face-on |cos(iota)| > 0.9, edge-on |cos(iota)| < 0.5, mixed in between. Validation samples = 5000
====================================================================================================

────────────────────────────────────────────────────────────────────────────────────────────────────
  MODEL: poc_a (baseline)
────────────────────────────────────────────────────────────────────────────────────────────────────
  Building model from runs/phic_psi_poc_a/20260720_210936 ...
  Predicting on 5000 samples ...

  coa_phase (period=6.2832, null=1.5708):
  Band       |cos iota| range            N    ang_MAE   circ_r    vs null
  ────────── ────────────────────── ────── ────────── ──────── ──────────
  face-on    [0.9, 1.0]               1442     1.6042   0.8523   -0.0334 ▲
  mixed      [0.5, 0.9]               1918     1.5623   0.8527   +0.0085 ▼
  edge-on    [0.0, 0.5)               1640     1.5467   0.8435   +0.0241 ▼
  ALL        —                        5000     1.5693   0.8495   +0.0015
  Improves face-on -> edge-on? YES

  polarization_angle (period=3.1416, null=0.7854):
  Band       |cos iota| range            N    ang_MAE   circ_r    vs null
  ────────── ────────────────────── ────── ────────── ──────── ──────────
  face-on    [0.9, 1.0]               1442     0.7832   0.5013   +0.0022 ▼
  mixed      [0.5, 0.9]               1918     0.7523   0.4922   +0.0331 ▼
  edge-on    [0.0, 0.5)               1640     0.8081   0.4901   -0.0227 ▲
  ALL        —                        5000     0.7795   0.4939   +0.0059
  Improves face-on -> edge-on? NO

  inclination (period=6.2832, null=1.5708):
  Band       |cos iota| range            N    ang_MAE   circ_r    vs null
  ────────── ────────────────────── ────── ────────── ──────── ──────────
  face-on    [0.9, 1.0]               1442     1.5872   0.6172   -0.0164 ▲
  mixed      [0.5, 0.9]               1918     1.5139   0.6214   +0.0569 ▼
  edge-on    [0.0, 0.5)               1640     1.5926   0.6259   -0.0218 ▲
  ALL        —                        5000     1.5609   0.6216   +0.0099
  Improves face-on -> edge-on? NO

────────────────────────────────────────────────────────────────────────────────────────────────────
  MODEL: poc_b (PoC)
────────────────────────────────────────────────────────────────────────────────────────────────────
  Building model from runs/phic_psi_poc_b/20260720_213202 ...
  Predicting on 5000 samples ...

  coa_phase (period=6.2832, null=1.5708):
  Band       |cos iota| range            N    ang_MAE   circ_r    vs null
  ────────── ────────────────────── ────── ────────── ──────── ──────────
  face-on    [0.9, 1.0]               1442     1.5681   0.9893   +0.0027 ▼
  mixed      [0.5, 0.9]               1918     1.5858   0.9892   -0.0150 ▲
  edge-on    [0.0, 0.5)               1640     1.5612   0.9896   +0.0096 ▼
  ALL        —                        5000     1.5727   0.9893   -0.0019
  Improves face-on -> edge-on? YES

  polarization_angle (period=3.1416, null=0.7854):
  Band       |cos iota| range            N    ang_MAE   circ_r    vs null
  ────────── ────────────────────── ────── ────────── ──────── ──────────
  face-on    [0.9, 1.0]               1442     0.7917   0.9862   -0.0063 ▲
  mixed      [0.5, 0.9]               1918     0.7707   0.9870   +0.0147 ▼
  edge-on    [0.0, 0.5)               1640     0.7800   0.9864   +0.0054 ▼
  ALL        —                        5000     0.7798   0.9866   +0.0056
  Improves face-on -> edge-on? YES

  inclination (period=6.2832, null=1.5708):
  Band       |cos iota| range            N    ang_MAE   circ_r    vs null
  ────────── ────────────────────── ────── ────────── ──────── ──────────
  face-on    [0.9, 1.0]               1442     1.5493   0.4475   +0.0215 ▼
  mixed      [0.5, 0.9]               1918     1.5867   0.3951   -0.0159 ▲
  edge-on    [0.0, 0.5)               1640     1.5728   0.4488   -0.0020 ▲
  ALL        —                        5000     1.5713   0.4278   -0.0005
  Improves face-on -> edge-on? NO

────────────────────────────────────────────────────────────────────────────────────────────────────
  MODEL: tcn
────────────────────────────────────────────────────────────────────────────────────────────────────
  Building model from runs/phic_psi_tcn/20260720_215403 ...
  Predicting on 5000 samples ...

  coa_phase (period=6.2832, null=1.5708):
  Band       |cos iota| range            N    ang_MAE   circ_r    vs null
  ────────── ────────────────────── ────── ────────── ──────── ──────────
  face-on    [0.9, 1.0]               1442     1.5527   0.8485   +0.0181 ▼
  mixed      [0.5, 0.9]               1918     1.5681   0.8488   +0.0027 ▼
  edge-on    [0.0, 0.5)               1640     1.6115   0.8567   -0.0407 ▲
  ALL        —                        5000     1.5779   0.8512   -0.0071
  Improves face-on -> edge-on? NO

  polarization_angle (period=3.1416, null=0.7854):
  Band       |cos iota| range            N    ang_MAE   circ_r    vs null
  ────────── ────────────────────── ────── ────────── ──────── ──────────
  face-on    [0.9, 1.0]               1442     0.7915   0.8701   -0.0061 ▲
  mixed      [0.5, 0.9]               1918     0.7714   0.8761   +0.0140 ▼
  edge-on    [0.0, 0.5)               1640     0.7937   0.8702   -0.0083 ▲
  ALL        —                        5000     0.7845   0.8724   +0.0009
  Improves face-on -> edge-on? NO

  inclination (period=6.2832, null=1.5708):
  Band       |cos iota| range            N    ang_MAE   circ_r    vs null
  ────────── ────────────────────── ────── ────────── ──────── ──────────
  face-on    [0.9, 1.0]               1442     1.5613   0.7989   +0.0095 ▼
  mixed      [0.5, 0.9]               1918     1.5483   0.7959   +0.0225 ▼
  edge-on    [0.0, 0.5)               1640     1.5604   0.7915   +0.0104 ▼
  ALL        —                        5000     1.5560   0.7952   +0.0148
  Improves face-on -> edge-on? YES

────────────────────────────────────────────────────────────────────────────────────────────────────
  MODEL: cnn_attention
────────────────────────────────────────────────────────────────────────────────────────────────────
  Building model from runs/phic_psi_cnn_attention/20260720_221625 ...
  Predicting on 5000 samples ...

  coa_phase (period=6.2832, null=1.5708):
  Band       |cos iota| range            N    ang_MAE   circ_r    vs null
  ────────── ────────────────────── ────── ────────── ──────── ──────────
  face-on    [0.9, 1.0]               1442     1.6588   0.4641   -0.0880 ▲
  mixed      [0.5, 0.9]               1918     1.5649   0.4331   +0.0059 ▼
  edge-on    [0.0, 0.5)               1640     1.5795   0.4276   -0.0087 ▲
  ALL        —                        5000     1.5968   0.4401   -0.0260
  Improves face-on -> edge-on? YES

  polarization_angle (period=3.1416, null=0.7854):
  Band       |cos iota| range            N    ang_MAE   circ_r    vs null
  ────────── ────────────────────── ────── ────────── ──────── ──────────
  face-on    [0.9, 1.0]               1442     0.7834   0.1980   +0.0020 ▼
  mixed      [0.5, 0.9]               1918     0.7676   0.1926   +0.0178 ▼
  edge-on    [0.0, 0.5)               1640     0.8043   0.1777   -0.0189 ▲
  ALL        —                        5000     0.7842   0.1887   +0.0012
  Improves face-on -> edge-on? NO

  inclination (period=6.2832, null=1.5708):
  Band       |cos iota| range            N    ang_MAE   circ_r    vs null
  ────────── ────────────────────── ────── ────────── ──────── ──────────
  face-on    [0.9, 1.0]               1442     1.4764   0.3446   +0.0944 ▼
  mixed      [0.5, 0.9]               1918     1.5348   0.3417   +0.0360 ▼
  edge-on    [0.0, 0.5)               1640     1.5828   0.3444   -0.0120 ▲
  ALL        —                        5000     1.5337   0.3428   +0.0371
  Improves face-on -> edge-on? NO


====================================================================================================
SUMMARY: Inclination-stratified ang_MAE — all models, all periodic heads
====================================================================================================

────────────────────────────────────────────────────────────────────────────────────────────────────
  coa_phase (null = 1.5708 rad)
────────────────────────────────────────────────────────────────────────────────────────────────────
Model                       ALL     face-on       mixed     edge-on     improves?
---------------------------------------------------------------------------------
poc_a (baseline)         1.5693      1.6042      1.5623      1.5467           YES
poc_b (PoC)              1.5727      1.5681      1.5858      1.5612           YES
tcn                      1.5779      1.5527      1.5681      1.6115            NO
cnn_attention            1.5968      1.6588      1.5649      1.5795           YES

────────────────────────────────────────────────────────────────────────────────────────────────────
  polarization_angle (null = 0.7854 rad)
────────────────────────────────────────────────────────────────────────────────────────────────────
Model                       ALL     face-on       mixed     edge-on     improves?
---------------------------------------------------------------------------------
poc_a (baseline)         0.7795      0.7832      0.7523      0.8081            NO
poc_b (PoC)              0.7798      0.7917      0.7707      0.7800           YES
tcn                      0.7845      0.7915      0.7714      0.7937            NO
cnn_attention            0.7842      0.7834      0.7676      0.8043            NO

────────────────────────────────────────────────────────────────────────────────────────────────────
  inclination (null = 1.5708 rad)
────────────────────────────────────────────────────────────────────────────────────────────────────
Model                       ALL     face-on       mixed     edge-on     improves?
---------------------------------------------------------------------------------
poc_a (baseline)         1.5609      1.5872      1.5139      1.5926            NO
poc_b (PoC)              1.5713      1.5493      1.5867      1.5728            NO
tcn                      1.5560      1.5613      1.5483      1.5604           YES
cnn_attention            1.5337      1.4764      1.5348      1.5828            NO


====================================================================================================
KEY TEST: edge-on-band ang_MAE vs null expectation
  (If even the edge-on band shows no improvement, the degeneracy is exact
  across the population as tested, not just at face-on)
====================================================================================================

  coa_phase (null = 1.5708 rad):
  Model                     Edge-on MAE  Δ from null              verdict
  ────────────────────── ────────────── ──────────── ────────────────────
  poc_a (baseline)               1.5467      +0.0241     mild improvement
  poc_b (PoC)                    1.5612      +0.0096           negligible
  tcn                            1.6115      -0.0407  WORSE than baseline
  cnn_attention                  1.5795      -0.0087  WORSE than baseline

  polarization_angle (null = 0.7854 rad):
  Model                     Edge-on MAE  Δ from null              verdict
  ────────────────────── ────────────── ──────────── ────────────────────
  poc_a (baseline)               0.8081      -0.0227  WORSE than baseline
  poc_b (PoC)                    0.7800      +0.0054           negligible
  tcn                            0.7937      -0.0083  WORSE than baseline
  cnn_attention                  0.8043      -0.0189  WORSE than baseline

  inclination (null = 1.5708 rad):
  Model                     Edge-on MAE  Δ from null              verdict
  ────────────────────── ────────────── ──────────── ────────────────────
  poc_a (baseline)               1.5926      -0.0218  WORSE than baseline
  poc_b (PoC)                    1.5728      -0.0020          at baseline
  tcn                            1.5604      +0.0104           negligible
  cnn_attention                  1.5828      -0.0120  WORSE than baseline


Markdown report: experiments/phic_psi_poc/inclination_output/inclination_stratification_20260723_130630.md
Done.
