==========================================================================================
STANDALONE MULTI-STEP PERTURBATION TRACE (A.3) — stage=early, 25 steps, random-walk ref net/sum = 0.200
CALIBRATION MODE: fresh init + 200 warmup steps on the training split (per-epoch checkpoints were not saved during the runs). A working instrument must read mchirp as DIRECTIONAL here.
==========================================================================================

──────────────────────────────────────────────────────────────────────────────────────────
  MODEL: poc_a (baseline) [early]
──────────────────────────────────────────────────────────────────────────────────────────
  fresh init (seed 42); warming up 200 steps on the training split ...
  warmup done (200 steps ≈ 1.02 epochs).
               coa_phase: rel/step (first 5) = [1.07e-01, 8.45e-02, 1.70e-01, 3.03e-01, 2.80e-01] ...
                          mean_cos_sim = +0.580   net/sum = 0.158   → AMBIGUOUS
                          probe Δcirc = -0.0173 ± 0.0111 (paired SE)   t = -1.56   frac improved = 0.53
      polarization_angle: rel/step (first 5) = [9.23e-01, 6.44e-01, 3.12e-01, 1.56e-01, 5.95e-02] ...
                          mean_cos_sim = +0.725   net/sum = 0.140   → AMBIGUOUS
                          probe Δcirc = +0.0044 ± 0.0499 (paired SE)   t = +0.09   frac improved = 0.49
                  mchirp: rel/step (first 5) = [2.24e-01, 7.70e-01, 1.51e+00, 2.73e-01, 3.66e-01] ...
                          mean_cos_sim = +0.522   net/sum = 0.091   → AMBIGUOUS
                          probe Δmse = -0.1583 ± 0.0304 (paired SE)   t = -5.20   frac improved = 0.58

──────────────────────────────────────────────────────────────────────────────────────────
  MODEL: poc_b (poc) [early]
──────────────────────────────────────────────────────────────────────────────────────────
  fresh init (seed 42); warming up 200 steps on the training split ...
  warmup done (200 steps ≈ 1.02 epochs).
               coa_phase: rel/step (first 5) = [1.70e-01, 1.28e-01, 7.86e-02, 6.56e-02, 7.05e-02] ...
                          mean_cos_sim = +0.754   net/sum = 0.079   → AMBIGUOUS
                          probe Δcirc = -0.0059 ± 0.0091 (paired SE)   t = -0.65   frac improved = 0.49
      polarization_angle: rel/step (first 5) = [2.68e-01, 2.61e-01, 3.46e-01, 7.07e-01, 3.03e-01] ...
                          mean_cos_sim = +0.758   net/sum = 0.085   → AMBIGUOUS
                          probe Δcirc = +0.0013 ± 0.0207 (paired SE)   t = +0.06   frac improved = 0.49
                  mchirp: rel/step (first 5) = [5.57e-02, 6.06e-01, 1.46e+00, 8.05e-01, 4.64e-02] ...
                          mean_cos_sim = +0.477   net/sum = 0.128   → AMBIGUOUS
                          probe Δmse = -0.1292 ± 0.0382 (paired SE)   t = -3.38   frac improved = 0.57

──────────────────────────────────────────────────────────────────────────────────────────
  MODEL: tcn [early]
──────────────────────────────────────────────────────────────────────────────────────────
  fresh init (seed 42); warming up 200 steps on the training split ...
  warmup done (200 steps ≈ 1.02 epochs).
               coa_phase: rel/step (first 5) = [1.96e-01, 1.76e-01, 2.64e-01, 3.28e-01, 3.21e-01] ...
                          mean_cos_sim = +0.709   net/sum = 0.240   → AMBIGUOUS
                          probe Δcirc = -0.0018 ± 0.0405 (paired SE)   t = -0.04   frac improved = 0.51
      polarization_angle: rel/step (first 5) = [3.14e-01, 1.51e-01, 2.76e-01, 1.34e+00, 1.45e+00] ...
                          mean_cos_sim = +0.828   net/sum = 0.152   → AMBIGUOUS
                          probe Δcirc = +0.0345 ± 0.0573 (paired SE)   t = +0.60   frac improved = 0.50
                  mchirp: rel/step (first 5) = [1.68e-01, 8.18e-01, 1.64e+00, 4.90e-01, 1.21e-01] ...
                          mean_cos_sim = +0.530   net/sum = 0.096   → AMBIGUOUS
                          probe Δmse = -0.1132 ± 0.0276 (paired SE)   t = -4.10   frac improved = 0.55

──────────────────────────────────────────────────────────────────────────────────────────
  MODEL: cnn_attention [early]
──────────────────────────────────────────────────────────────────────────────────────────
  fresh init (seed 42); warming up 200 steps on the training split ...
  warmup done (200 steps ≈ 1.02 epochs).
               coa_phase: rel/step (first 5) = [1.02e-01, 1.01e-01, 8.51e-02, 8.89e-02, 1.41e-01] ...
                          mean_cos_sim = +0.487   net/sum = 0.421   → DIRECTIONAL (coherent drift)
                          probe Δcirc = +0.0008 ± 0.0374 (paired SE)   t = +0.02   frac improved = 0.50
      polarization_angle: rel/step (first 5) = [4.84e-02, 1.66e-01, 1.64e-01, 8.72e-02, 1.14e-01] ...
                          mean_cos_sim = +0.551   net/sum = 0.369   → AMBIGUOUS
                          probe Δcirc = -0.0309 ± 0.0486 (paired SE)   t = -0.64   frac improved = 0.51
                  mchirp: rel/step (first 5) = [4.47e-02, 1.73e-01, 1.92e-01, 7.92e-02, 1.67e-01] ...
                          mean_cos_sim = +0.089   net/sum = 0.286   → OSCILLATORY (noise-like, random-walk scale)
                          probe Δmse = -0.6457 ± 0.0760 (paired SE)   t = -8.50   frac improved = 0.66

Report: /home/syedalimohsinbukhari/PycharmProjects/ml_practice_v2/experiments/phic_psi_poc/perturbation_trace_output/perturbation_trace_early_20260723_095357.md
