====================================================================================================
SNR-STRATIFIED ang_MAE — final epoch, all models, all periodic heads
N terciles = 3, validation samples = 5000
====================================================================================================

────────────────────────────────────────────────────────────────────────────────────────────────────
  MODEL: poc_a (baseline)
────────────────────────────────────────────────────────────────────────────────────────────────────
  Building model from runs/phic_psi_poc_a/20260720_210936 ...
  Predicting on 5000 samples ...

  coa_phase (period=6.2832, null=1.5708):
  Tercile    SNR range                   N    ang_MAE   circ_r    vs null
  ────────── ────────────────────── ────── ────────── ──────── ──────────
  Low        [7.0, 9.6]        1666     1.5290   0.6971   +0.0418 ▼
  Mid        [9.7, 12.3]        1666     1.5723   0.8860   -0.0015 ▲
  High       [12.3, 15.0]        1668     1.6066   0.9656   -0.0358 ▲
  ALL        —                        5000     1.5693   0.8495   +0.0015
  Improve with SNR? NO

  polarization_angle (period=3.1416, null=0.7854):
  Tercile    SNR range                   N    ang_MAE   circ_r    vs null
  ────────── ────────────────────── ────── ────────── ──────── ──────────
  Low        [7.0, 9.6]        1666     0.7746   0.6691   +0.0108 ▼
  Mid        [9.7, 12.3]        1666     0.7786   0.5646   +0.0067 ▼
  High       [12.3, 15.0]        1668     0.7853   0.8436   +0.0001 ▼
  ALL        —                        5000     0.7795   0.4939   +0.0059
  Improve with SNR? NO

  inclination (period=6.2832, null=1.5708):
  Tercile    SNR range                   N    ang_MAE   circ_r    vs null
  ────────── ────────────────────── ────── ────────── ──────── ──────────
  Low        [7.0, 9.6]        1666     1.5634   0.6754   +0.0074 ▼
  Mid        [9.7, 12.3]        1666     1.5572   0.6333   +0.0136 ▼
  High       [12.3, 15.0]        1668     1.5621   0.6038   +0.0087 ▼
  ALL        —                        5000     1.5609   0.6216   +0.0099
  Improve with SNR? partial

────────────────────────────────────────────────────────────────────────────────────────────────────
  MODEL: poc_b (PoC)
────────────────────────────────────────────────────────────────────────────────────────────────────
  Building model from runs/phic_psi_poc_b/20260720_213202 ...
  Predicting on 5000 samples ...

  coa_phase (period=6.2832, null=1.5708):
  Tercile    SNR range                   N    ang_MAE   circ_r    vs null
  ────────── ────────────────────── ────── ────────── ──────── ──────────
  Low        [7.0, 9.6]        1666     1.5469   0.9930   +0.0239 ▼
  Mid        [9.7, 12.3]        1666     1.5711   0.9906   -0.0003 ▲
  High       [12.3, 15.0]        1668     1.5999   0.9921   -0.0292 ▲
  ALL        —                        5000     1.5727   0.9893   -0.0019
  Improve with SNR? NO

  polarization_angle (period=3.1416, null=0.7854):
  Tercile    SNR range                   N    ang_MAE   circ_r    vs null
  ────────── ────────────────────── ────── ────────── ──────── ──────────
  Low        [7.0, 9.6]        1666     0.7820   0.9912   +0.0034 ▼
  Mid        [9.7, 12.3]        1666     0.7767   0.9858   +0.0087 ▼
  High       [12.3, 15.0]        1668     0.7807   0.9833   +0.0047 ▼
  ALL        —                        5000     0.7798   0.9866   +0.0056
  Improve with SNR? partial

  inclination (period=6.2832, null=1.5708):
  Tercile    SNR range                   N    ang_MAE   circ_r    vs null
  ────────── ────────────────────── ────── ────────── ──────── ──────────
  Low        [7.0, 9.6]        1666     1.5442   0.4591   +0.0265 ▼
  Mid        [9.7, 12.3]        1666     1.5804   0.4320   -0.0096 ▲
  High       [12.3, 15.0]        1668     1.5894   0.4087   -0.0186 ▲
  ALL        —                        5000     1.5713   0.4278   -0.0005
  Improve with SNR? NO

────────────────────────────────────────────────────────────────────────────────────────────────────
  MODEL: tcn
────────────────────────────────────────────────────────────────────────────────────────────────────
  Building model from runs/phic_psi_tcn/20260720_215403 ...
  Predicting on 5000 samples ...

  coa_phase (period=6.2832, null=1.5708):
  Tercile    SNR range                   N    ang_MAE   circ_r    vs null
  ────────── ────────────────────── ────── ────────── ──────── ──────────
  Low        [7.0, 9.6]        1666     1.6330   0.9331   -0.0622 ▲
  Mid        [9.7, 12.3]        1666     1.5573   0.8588   +0.0135 ▼
  High       [12.3, 15.0]        1668     1.5434   0.7850   +0.0274 ▼
  ALL        —                        5000     1.5779   0.8512   -0.0071
  Improve with SNR? YES (monotonic)

  polarization_angle (period=3.1416, null=0.7854):
  Tercile    SNR range                   N    ang_MAE   circ_r    vs null
  ────────── ────────────────────── ────── ────────── ──────── ──────────
  Low        [7.0, 9.6]        1666     0.7845   0.9159   +0.0009 ▼
  Mid        [9.7, 12.3]        1666     0.7895   0.8971   -0.0041 ▲
  High       [12.3, 15.0]        1668     0.7795   0.9347   +0.0059 ▼
  ALL        —                        5000     0.7845   0.8724   +0.0009
  Improve with SNR? partial

  inclination (period=6.2832, null=1.5708):
  Tercile    SNR range                   N    ang_MAE   circ_r    vs null
  ────────── ────────────────────── ────── ────────── ──────── ──────────
  Low        [7.0, 9.6]        1666     1.5543   0.8185   +0.0165 ▼
  Mid        [9.7, 12.3]        1666     1.5364   0.7902   +0.0344 ▼
  High       [12.3, 15.0]        1668     1.5774   0.7783   -0.0066 ▲
  ALL        —                        5000     1.5560   0.7952   +0.0148
  Improve with SNR? NO

────────────────────────────────────────────────────────────────────────────────────────────────────
  MODEL: cnn_attention
────────────────────────────────────────────────────────────────────────────────────────────────────
  Building model from runs/phic_psi_cnn_attention/20260720_221625 ...
  Predicting on 5000 samples ...

  coa_phase (period=6.2832, null=1.5708):
  Tercile    SNR range                   N    ang_MAE   circ_r    vs null
  ────────── ────────────────────── ────── ────────── ──────── ──────────
  Low        [7.0, 9.6]        1666     1.5967   0.2049   -0.0259 ▲
  Mid        [9.7, 12.3]        1666     1.5873   0.6056   -0.0165 ▲
  High       [12.3, 15.0]        1668     1.6064   0.8798   -0.0356 ▲
  ALL        —                        5000     1.5968   0.4401   -0.0260
  Improve with SNR? NO

  polarization_angle (period=3.1416, null=0.7854):
  Tercile    SNR range                   N    ang_MAE   circ_r    vs null
  ────────── ────────────────────── ────── ────────── ──────── ──────────
  Low        [7.0, 9.6]        1666     0.7722   0.5218   +0.0132 ▼
  Mid        [9.7, 12.3]        1666     0.8013   0.1683   -0.0159 ▲
  High       [12.3, 15.0]        1668     0.7791   0.7790   +0.0063 ▼
  ALL        —                        5000     0.7842   0.1887   +0.0012
  Improve with SNR? NO

  inclination (period=6.2832, null=1.5708):
  Tercile    SNR range                   N    ang_MAE   circ_r    vs null
  ────────── ────────────────────── ────── ────────── ──────── ──────────
  Low        [7.0, 9.6]        1666     1.5260   0.2811   +0.0448 ▼
  Mid        [9.7, 12.3]        1666     1.5480   0.3843   +0.0228 ▼
  High       [12.3, 15.0]        1668     1.5271   0.3904   +0.0437 ▼
  ALL        —                        5000     1.5337   0.3428   +0.0371
  Improve with SNR? NO


====================================================================================================
SUMMARY: SNR-stratified ang_MAE — all models, all periodic heads
====================================================================================================

────────────────────────────────────────────────────────────────────────────────────────────────────
  coa_phase (null = 1.5708 rad)
────────────────────────────────────────────────────────────────────────────────────────────────────
Model                       ALL     Low SNR     Mid SNR    High SNR     improves?
---------------------------------------------------------------------------------
poc_a (baseline)         1.5693      1.5290      1.5723      1.6066            NO
poc_b (PoC)              1.5727      1.5469      1.5711      1.5999            NO
tcn                      1.5779      1.6330      1.5573      1.5434         YES ↓
cnn_attention            1.5968      1.5967      1.5873      1.6064            NO

────────────────────────────────────────────────────────────────────────────────────────────────────
  polarization_angle (null = 0.7854 rad)
────────────────────────────────────────────────────────────────────────────────────────────────────
Model                       ALL     Low SNR     Mid SNR    High SNR     improves?
---------------------------------------------------------------------------------
poc_a (baseline)         0.7795      0.7746      0.7786      0.7853            NO
poc_b (PoC)              0.7798      0.7820      0.7767      0.7807       partial
tcn                      0.7845      0.7845      0.7895      0.7795       partial
cnn_attention            0.7842      0.7722      0.8013      0.7791            NO

────────────────────────────────────────────────────────────────────────────────────────────────────
  inclination (null = 1.5708 rad)
────────────────────────────────────────────────────────────────────────────────────────────────────
Model                       ALL     Low SNR     Mid SNR    High SNR     improves?
---------------------------------------------------------------------------------
poc_a (baseline)         1.5609      1.5634      1.5572      1.5621       partial
poc_b (PoC)              1.5713      1.5442      1.5804      1.5894            NO
tcn                      1.5560      1.5543      1.5364      1.5774            NO
cnn_attention            1.5337      1.5260      1.5480      1.5271            NO


====================================================================================================
KEY TEST: Highest-SNR tercile ang_MAE vs null expectation
  (If even the loudest events show no improvement, the signal isn't there)
====================================================================================================

  coa_phase (null = 1.5708 rad):
  Model                    High-SNR MAE  Δ from null              verdict
  ────────────────────── ────────────── ──────────── ────────────────────
  poc_a (baseline)               1.6066      -0.0358  WORSE than baseline
  poc_b (PoC)                    1.5999      -0.0292  WORSE than baseline
  tcn                            1.5434      +0.0274     mild improvement
  cnn_attention                  1.6064      -0.0356  WORSE than baseline

  polarization_angle (null = 0.7854 rad):
  Model                    High-SNR MAE  Δ from null              verdict
  ────────────────────── ────────────── ──────────── ────────────────────
  poc_a (baseline)               0.7853      +0.0001          at baseline
  poc_b (PoC)                    0.7807      +0.0047          at baseline
  tcn                            0.7795      +0.0059           negligible
  cnn_attention                  0.7791      +0.0063           negligible

  inclination (null = 1.5708 rad):
  Model                    High-SNR MAE  Δ from null              verdict
  ────────────────────── ────────────── ──────────── ────────────────────
  poc_a (baseline)               1.5621      +0.0087           negligible
  poc_b (PoC)                    1.5894      -0.0186  WORSE than baseline
  tcn                            1.5774      -0.0066  WORSE than baseline
  cnn_attention                  1.5271      +0.0437     mild improvement


Markdown report: experiments/phic_psi_poc/snr_output/snr_stratification_20260721_094039.md
Done.
